2025-09-09 20:13:36 [main] INFO  testCases.TC001_AccountRegisterationTest -
					Clicked on MyAccount Link
2025-09-09 20:13:36 [main] INFO  testCases.TC001_AccountRegisterationTest -
					Clicked on Register Link
2025-09-09 20:13:36 [main] INFO  testCases.TC001_AccountRegisterationTest -
					Providing Customer Details...
2025-09-09 20:13:37 [main] INFO  testCases.TC001_AccountRegisterationTest -
					*********Starting TC001_AccountRegisterationTest **************
2025-09-09 20:13:39 [main] INFO  testCases.TC001_AccountRegisterationTest -
					*********Starting TC001_AccountRegisterationTest **************
2025-09-09 20:13:39 [main] INFO  testCases.TC001_AccountRegisterationTest -
					Clicked on MyAccount Link
2025-09-09 20:13:40 [main] INFO  testCases.TC001_AccountRegisterationTest -
					Clicked on Register Link
2025-09-09 20:13:40 [main] INFO  testCases.TC001_AccountRegisterationTest -
					Providing Customer Details...
2025-09-09 20:13:41 [main] INFO  testCases.TC001_AccountRegisterationTest -
					*********Starting TC001_AccountRegisterationTest **************
2025-09-09 20:13:45 [main] INFO  testCases.TC001_AccountRegisterationTest -
					*********Starting TC001_AccountRegisterationTest **************
2025-09-09 20:13:45 [main] INFO  testCases.TC001_AccountRegisterationTest -
					Clicked on MyAccount Link
2025-09-09 20:13:45 [main] INFO  testCases.TC001_AccountRegisterationTest -
					Clicked on Register Link
2025-09-09 20:13:45 [main] INFO  testCases.TC001_AccountRegisterationTest -
					Providing Customer Details...
2025-09-09 20:13:46 [main] INFO  testCases.TC001_AccountRegisterationTest -
					*********Starting TC001_AccountRegisterationTest **************
2025-09-09 20:14:03 [main] DEBUG org.testng.TestNG -
					suiteXmlPath: "D:\Java_Hybrid_Framework\OpencartHybridAutomation\OpencartV121\crossbrowserandparalleltesting.xml"
2025-09-09 20:14:03 [main] INFO  org.testng.internal.Utils -
					[XmlSuite] [WARN] 'parallel' value 'true' is no longer valid, defaulting to 'methods'.
2025-09-09 20:14:04 [main] INFO  org.testng.internal.Utils -
					[TestNG] Running:
  D:\Java_Hybrid_Framework\OpencartHybridAutomation\OpencartV121\crossbrowserandparalleltesting.xml

2025-09-09 20:14:06 [TestNG-test-chrometest-1] INFO  testCases.TC001_AccountRegisterationTest -
					*********Starting TC001_AccountRegisterationTest **************
2025-09-09 20:14:06 [TestNG-test-chrometest-1] INFO  testCases.TC001_AccountRegisterationTest -
					Clicked on MyAccount Link
2025-09-09 20:14:06 [TestNG-test-chrometest-1] INFO  testCases.TC001_AccountRegisterationTest -
					Clicked on Register Link
2025-09-09 20:14:06 [TestNG-test-chrometest-1] INFO  testCases.TC001_AccountRegisterationTest -
					Providing Customer Details...
2025-09-09 20:14:08 [TestNG-test-chrometest-1] INFO  testCases.TC001_AccountRegisterationTest -
					*********Starting TC001_AccountRegisterationTest **************
2025-09-09 20:14:10 [TestNG-test-edgetest-1] INFO  testCases.TC001_AccountRegisterationTest -
					*********Starting TC001_AccountRegisterationTest **************
2025-09-09 20:14:10 [TestNG-test-edgetest-1] INFO  testCases.TC001_AccountRegisterationTest -
					Clicked on MyAccount Link
2025-09-09 20:14:10 [TestNG-test-edgetest-1] INFO  testCases.TC001_AccountRegisterationTest -
					Clicked on Register Link
2025-09-09 20:14:10 [TestNG-test-edgetest-1] INFO  testCases.TC001_AccountRegisterationTest -
					Providing Customer Details...
2025-09-09 20:14:11 [TestNG-test-edgetest-1] INFO  testCases.TC001_AccountRegisterationTest -
					*********Starting TC001_AccountRegisterationTest **************
2025-09-09 20:14:15 [TestNG-test-firefoxtest-1] INFO  testCases.TC001_AccountRegisterationTest -
					*********Starting TC001_AccountRegisterationTest **************
2025-09-09 20:14:16 [TestNG-test-firefoxtest-1] INFO  testCases.TC001_AccountRegisterationTest -
					Clicked on MyAccount Link
2025-09-09 20:14:16 [TestNG-test-firefoxtest-1] INFO  testCases.TC001_AccountRegisterationTest -
					Clicked on Register Link
2025-09-09 20:14:16 [TestNG-test-firefoxtest-1] INFO  testCases.TC001_AccountRegisterationTest -
					Providing Customer Details...
2025-09-09 20:14:17 [TestNG-test-firefoxtest-1] INFO  testCases.TC001_AccountRegisterationTest -
					*********Starting TC001_AccountRegisterationTest **************
2025-09-09 20:14:23 [main] DEBUG org.testng.TestNG -
					suiteXmlPath: "D:\Java_Hybrid_Framework\OpencartHybridAutomation\OpencartV121\crossbrowserandparalleltesting.xml"
2025-09-09 20:14:23 [main] INFO  org.testng.internal.Utils -
					[TestNG] Running:
  D:\Java_Hybrid_Framework\OpencartHybridAutomation\OpencartV121\crossbrowserandparalleltesting.xml

2025-09-09 20:14:25 [TestNG-tests-2] INFO  testCases.TC001_AccountRegisterationTest -
					*********Starting TC001_AccountRegisterationTest **************
2025-09-09 20:14:25 [TestNG-tests-1] INFO  testCases.TC001_AccountRegisterationTest -
					*********Starting TC001_AccountRegisterationTest **************
