2025-09-08 19:59:11 [main] INFO  org.testng.internal.Utils -
					[TestNG] Time taken by org.testng.reporters.XMLReporter@6b68cb27: 6 ms
2025-09-08 19:59:11 [main] INFO  org.testng.internal.Utils -
					[TestNG] Time taken by org.testng.reporters.EmailableReporter2@320494b6: 4 ms
2025-09-08 19:59:12 [main] INFO  org.testng.internal.Utils -
					[TestNG] Time taken by org.testng.reporters.JUnitReportReporter@2b8bd14b: 3 ms
2025-09-08 19:59:12 [main] INFO  org.testng.internal.Utils -
					[TestNG] Time taken by org.testng.internal.ExitCodeListener@5f13be1: 0 ms
2025-09-08 20:00:21 [main] DEBUG org.testng.TestNG -
					suiteXmlPath: "C:\Users\Lenovo\AppData\Local\Temp\testng-eclipse--2090635392\testng-customsuite.xml"
2025-09-08 20:00:21 [main] INFO  org.testng.internal.Utils -
					[Utils] MethodGroupsHelper.collectMethodsByGroup() took 1 ms.
2025-09-08 20:00:21 [main] INFO  org.testng.internal.Utils -
					[Utils] MethodGroupsHelper.sortMethods() took 1 ms.
2025-09-08 20:00:21 [main] INFO  org.testng.internal.Utils -
					[Utils] MethodGroupsHelper.collectMethodsByGroup() took 0 ms.
2025-09-08 20:00:21 [main] INFO  org.testng.internal.Utils -
					[Utils] MethodGroupsHelper.sortMethods() took 0 ms.
2025-09-08 20:00:21 [main] INFO  org.testng.internal.Utils -
					[Utils] MethodGroupsHelper.collectMethodsByGroup() took 0 ms.
2025-09-08 20:00:21 [main] INFO  org.testng.internal.Utils -
					[Utils] MethodGroupsHelper.sortMethods() took 0 ms.
2025-09-08 20:00:21 [main] INFO  org.testng.internal.Utils -
					[Utils] MethodGroupsHelper.collectMethodsByGroup() took 0 ms.
2025-09-08 20:00:21 [main] INFO  org.testng.internal.Utils -
					[Utils] MethodGroupsHelper.sortMethods() took 0 ms.
2025-09-08 20:00:21 [main] INFO  org.testng.internal.Utils -
					[Utils] MethodGroupsHelper.collectMethodsByGroup() took 3 ms.
2025-09-08 20:00:21 [main] INFO  org.testng.internal.Utils -
					[Utils] MethodGroupsHelper.sortMethods() took 7 ms.
2025-09-08 20:00:21 [main] INFO  org.testng.internal.Utils -
					[Utils] MethodGroupsHelper.collectMethodsByGroup() took 0 ms.
2025-09-08 20:00:21 [main] INFO  org.testng.internal.Utils -
					[Utils] MethodGroupsHelper.sortMethods() took 0 ms.
2025-09-08 20:00:21 [main] INFO  org.testng.internal.Utils -
					[Utils] MethodGroupsHelper.collectMethodsByGroup() took 0 ms.
2025-09-08 20:00:21 [main] INFO  org.testng.internal.Utils -
					[Utils] MethodGroupsHelper.sortMethods() took 0 ms.
2025-09-08 20:00:21 [main] INFO  org.testng.internal.Utils -
					[Utils] MethodGroupsHelper.collectMethodsByGroup() took 0 ms.
2025-09-08 20:00:21 [main] INFO  org.testng.internal.Utils -
					[Utils] MethodGroupsHelper.sortMethods() took 0 ms.
2025-09-08 20:00:21 [main] INFO  org.testng.internal.Utils -
					[Utils] MethodGroupsHelper.collectMethodsByGroup() took 0 ms.
2025-09-08 20:00:21 [main] INFO  org.testng.internal.Utils -
					[Utils] MethodGroupsHelper.sortMethods() took 0 ms.
2025-09-08 20:00:21 [main] INFO  org.testng.internal.Utils -
					[Utils] MethodGroupsHelper.collectMethodsByGroup() took 0 ms.
2025-09-08 20:00:21 [main] INFO  org.testng.internal.Utils -
					[Utils] MethodGroupsHelper.sortMethods() took 0 ms.
2025-09-08 20:00:21 [main] INFO  org.testng.internal.Utils -
					[Utils] MethodGroupsHelper.collectMethodsByGroup() took 0 ms.
2025-09-08 20:00:21 [main] INFO  org.testng.internal.Utils -
					[Utils] MethodGroupsHelper.sortMethods() took 0 ms.
2025-09-08 20:00:21 [main] INFO  org.testng.internal.Utils -
					[Utils] MethodGroupsHelper.collectMethodsByGroup() took 0 ms.
2025-09-08 20:00:21 [main] INFO  org.testng.internal.Utils -
					[Utils] MethodGroupsHelper.sortMethods() took 0 ms.
2025-09-08 20:00:21 [main] INFO  org.testng.internal.Utils -
					[Utils] MethodGroupsHelper.collectMethodsByGroup() took 0 ms.
2025-09-08 20:00:21 [main] INFO  org.testng.internal.Utils -
					[Utils] MethodGroupsHelper.sortMethods() took 0 ms.
2025-09-08 20:00:21 [main] INFO  org.testng.internal.Utils -
					[Utils] MethodGroupsHelper.collectMethodsByGroup() took 0 ms.
2025-09-08 20:00:21 [main] INFO  org.testng.internal.Utils -
					[Utils] MethodGroupsHelper.sortMethods() took 0 ms.
2025-09-08 20:00:21 [main] INFO  org.testng.internal.Utils -
					[Utils] MethodGroupsHelper.collectMethodsByGroup() took 0 ms.
2025-09-08 20:00:21 [main] INFO  org.testng.internal.Utils -
					[Utils] MethodGroupsHelper.sortMethods() took 0 ms.
2025-09-08 20:00:21 [main] INFO  org.testng.internal.Utils -
					[TestNG] Running:
  C:\Users\Lenovo\AppData\Local\Temp\testng-eclipse--2090635392\testng-customsuite.xml

2025-09-08 20:00:21 [main] INFO  org.testng.internal.Utils -
					[Utils] DynamicGraphHelper.createDynamicGraph() took 3 ms.
2025-09-08 20:00:24 [main] INFO  testCases.TC001_AccountRegisterationTest -
					*********Starting TC001_AccountRegisterationTest **************
2025-09-08 20:00:24 [main] INFO  testCases.TC001_AccountRegisterationTest -
					Clicked on MyAccount Link
