2025-09-11 19:40:54 [main] DEBUG org.apache.hc.client5.http.impl.classic.InternalHttpClient -
					ep-0000000002 releasing valid endpoint
2025-09-11 19:40:54 [main] DEBUG org.apache.hc.client5.http.impl.io.PoolingHttpClientConnectionManager -
					ep-0000000002 releasing endpoint
2025-09-11 19:40:54 [main] DEBUG org.apache.hc.client5.http.impl.io.PoolingHttpClientConnectionManager -
					ep-0000000002 connection http-outgoing-1 can be kept alive for 3 MINUTES
2025-09-11 19:40:54 [main] DEBUG org.apache.hc.client5.http.impl.io.PoolingHttpClientConnectionManager -
					ep-0000000002 connection released [route: {s}->https://googlechromelabs.github.io:443][total available: 2; route allocated: 1 of 5; total allocated: 2 of 25]
2025-09-11 19:40:54 [main] INFO  io.github.bonigarcia.wdm.WebDriverManager -
					Using chromedriver 140.0.7339.82 (resolved driver for Chrome 140)
2025-09-11 19:40:54 [main] DEBUG io.github.bonigarcia.wdm.cache.ResolutionCache -
					Storing resolution chrome=140 in cache (valid until 20:40:54 11/09/2025 IST)
2025-09-11 19:40:54 [main] DEBUG io.github.bonigarcia.wdm.cache.ResolutionCache -
					Storing resolution chrome140=140.0.7339.82 in cache (valid until 19:40:54 12/09/2025 IST)
2025-09-11 19:40:54 [main] DEBUG io.github.bonigarcia.wdm.WebDriverManager -
					Driver chromedriver 140.0.7339.82 found in cache
2025-09-11 19:40:54 [main] INFO  io.github.bonigarcia.wdm.WebDriverManager -
					Exporting webdriver.chrome.driver as C:\Users\Lenovo\.cache\selenium\chromedriver\win64\140.0.7339.82\chromedriver.exe
2025-09-11 19:40:56 [main] INFO  testCases.TC002_LoginTest -
					*********Starting TC002_LoginTest **************
2025-09-11 19:40:58 [main] INFO  testCases.TC002_LoginTest -
					*********Finished TC002_LoginTest **************
2025-09-11 19:42:33 [main] DEBUG org.testng.TestNG -
					suiteXmlPath: "D:\Java_Hybrid_Framework\OpencartHybridAutomation\OpencartV121\master.xml"
2025-09-11 19:42:33 [main] INFO  org.testng.internal.Utils -
					[TestNG] Running:
  D:\Java_Hybrid_Framework\OpencartHybridAutomation\OpencartV121\master.xml

2025-09-11 19:42:33 [main] DEBUG io.github.bonigarcia.wdm.WebDriverManager -
					Using WebDriverManager 5.9.2
2025-09-11 19:42:33 [main] DEBUG io.github.bonigarcia.wdm.cache.ResolutionCache -
					Resolution chrome=140 in cache (valid until 20:40:54 11/09/2025 IST)
2025-09-11 19:42:33 [main] DEBUG io.github.bonigarcia.wdm.cache.ResolutionCache -
					Resolution chrome140=140.0.7339.82 in cache (valid until 19:40:54 12/09/2025 IST)
2025-09-11 19:42:33 [main] INFO  io.github.bonigarcia.wdm.WebDriverManager -
					Using chromedriver 140.0.7339.82 (resolved driver for Chrome 140)
2025-09-11 19:42:33 [main] DEBUG io.github.bonigarcia.wdm.WebDriverManager -
					Driver chromedriver 140.0.7339.82 found in cache
2025-09-11 19:42:33 [main] INFO  io.github.bonigarcia.wdm.WebDriverManager -
					Exporting webdriver.chrome.driver as C:\Users\Lenovo\.cache\selenium\chromedriver\win64\140.0.7339.82\chromedriver.exe
2025-09-11 19:42:36 [main] INFO  testCases.TC002_LoginTest -
					*********Starting TC002_LoginTest **************
2025-09-11 19:42:37 [main] INFO  testCases.TC002_LoginTest -
					*********Finished TC002_LoginTest **************
2025-09-11 19:42:55 [main] DEBUG org.testng.TestNG -
					suiteXmlPath: "D:\Java_Hybrid_Framework\OpencartHybridAutomation\OpencartV121\master.xml"
2025-09-11 19:42:55 [main] INFO  org.testng.internal.Utils -
					[TestNG] Running:
  D:\Java_Hybrid_Framework\OpencartHybridAutomation\OpencartV121\master.xml

2025-09-11 19:42:55 [main] DEBUG io.github.bonigarcia.wdm.WebDriverManager -
					Using WebDriverManager 5.9.2
2025-09-11 19:42:55 [main] DEBUG io.github.bonigarcia.wdm.cache.ResolutionCache -
					Resolution chrome=140 in cache (valid until 20:40:54 11/09/2025 IST)
2025-09-11 19:42:56 [main] DEBUG io.github.bonigarcia.wdm.cache.ResolutionCache -
					Resolution chrome140=140.0.7339.82 in cache (valid until 19:40:54 12/09/2025 IST)
2025-09-11 19:42:56 [main] INFO  io.github.bonigarcia.wdm.WebDriverManager -
					Using chromedriver 140.0.7339.82 (resolved driver for Chrome 140)
2025-09-11 19:42:56 [main] DEBUG io.github.bonigarcia.wdm.WebDriverManager -
					Driver chromedriver 140.0.7339.82 found in cache
2025-09-11 19:42:56 [main] INFO  io.github.bonigarcia.wdm.WebDriverManager -
					Exporting webdriver.chrome.driver as C:\Users\Lenovo\.cache\selenium\chromedriver\win64\140.0.7339.82\chromedriver.exe
2025-09-11 19:42:57 [main] INFO  testCases.TC002_LoginTest -
					*********Starting TC002_LoginTest **************
2025-09-11 19:42:59 [main] INFO  testCases.TC002_LoginTest -
					*********Finished TC002_LoginTest **************
2025-09-11 19:45:28 [main] DEBUG org.testng.TestNG -
					suiteXmlPath: "D:\Java_Hybrid_Framework\OpencartHybridAutomation\OpencartV121\master.xml"
2025-09-11 19:45:29 [main] INFO  org.testng.internal.Utils -
					[TestNG] Running:
  D:\Java_Hybrid_Framework\OpencartHybridAutomation\OpencartV121\master.xml

